INFO [2021-07-25 16:05:32] $x
INFO [2021-07-25 16:05:32] ven_3
INFO [2021-07-25 16:05:32] 
INFO [2021-07-25 16:05:32] $category.names
INFO [2021-07-25 16:05:32] c("MAT", "MAP", "CMD")
INFO [2021-07-25 16:05:32] 
INFO [2021-07-25 16:05:32] $fill
INFO [2021-07-25 16:05:32] c("yellow", "cyan", "magenta")
INFO [2021-07-25 16:05:32] 
INFO [2021-07-25 16:05:32] $main.cex
INFO [2021-07-25 16:05:32] [1] 5
INFO [2021-07-25 16:05:32] 
INFO [2021-07-25 16:05:32] $cat.cex
INFO [2021-07-25 16:05:32] [1] 1.8
INFO [2021-07-25 16:05:32] 
INFO [2021-07-25 16:05:32] $cex
INFO [2021-07-25 16:05:32] [1] 1.8
INFO [2021-07-25 16:05:32] 
INFO [2021-07-25 16:05:32] $fontface
INFO [2021-07-25 16:05:32] [1] "bold"
INFO [2021-07-25 16:05:32] 
INFO [2021-07-25 16:05:32] $filename
INFO [2021-07-25 16:05:32] NULL
INFO [2021-07-25 16:05:32] 
INFO [2021-07-25 16:05:32] [[9]]
INFO [2021-07-25 16:05:32] 
INFO [2021-07-25 16:05:32] 
